<?xml version="1.0" encoding="UTF-8"?>
<Site BuildName="(empty)"
	BuildStamp="20231007-2004-Experimental"
	Name="(empty)"
	Generator="ctest-3.27.6"
	CompilerName=""
	CompilerVersion=""
	OSName="Windows"
	Hostname="DESKTOP-43LBC4L"
	OSRelease=" Professional"
	OSVersion=" (Build 22621)"
	OSPlatform="AMD64"
	Is64Bits="1"
	VendorString="GenuineIntel"
	VendorID="Intel Corporation"
	FamilyID="6"
	ModelID="14"
	ProcessorCacheSize="-1"
	NumberOfLogicalCPU="8"
	NumberOfPhysicalCPU="4"
	TotalVirtualMemory="20738"
	TotalPhysicalMemory="16304"
	LogicalProcessorsPerPhysical="2"
	ProcessorClockFrequency="2400"
	>
	<Testing>
		<StartDateTime>Oct 07 22:04 Central Europe Daylight Time</StartDateTime>
		<StartTestTime>1696709093</StartTestTime>
		<TestList/>
		<EndDateTime>Oct 07 22:04 Central Europe Daylight Time</EndDateTime>
		<EndTestTime>1696709093</EndTestTime>
		<ElapsedMinutes>0</ElapsedMinutes>
	</Testing>
</Site>
